# project  configured on Thu Dec 05 09:44:09 2019 by
# waf 1.6.11 (abi 98, python 20703f0 on win32)
# using C:\BuildTools\waf\dist\waf-1.6.11.exe configure build --conditions=debug
#
----------------------------------------
Setting top to
C:\Users\MBaev\git\Examples\77887788\ARM_Application
----------------------------------------
Setting out to
C:\Users\MBaev\git\Examples\77887788\ARM_Application\build
----------------------------------------
Hilscher Waf version
1.10.0.2
----------------------------------------
Checking for waf version in 1.6.11-1.7.0
ok
----------------------------------------
Checking for program patch
not found
find program=['patch'] paths=['C:\\BuildTools\\python\\2.7.11\\', 'C:\\BuildTools\\mingw\\4.9.3\\bin', 'C:/Program Files/Java/jre1.8.0_181/bin/server', 'C:/Program Files/Java/jre1.8.0_181/bin', 'C:/Program Files/Java/jre1.8.0_181/lib/amd64', 'C:\\WINDOWS\\system32', 'C:\\WINDOWS', 'C:\\WINDOWS\\System32\\Wbem', 'C:\\WINDOWS\\System32\\WindowsPowerShell\\v1.0\\', 'C:\\WINDOWS\\System32\\OpenSSH\\', 'C:\\Program Files\\TortoiseSVN\\bin', 'C:\\apache-ant-1.10.3\\bin', 'C:\\apache-maven-3.3.9\\bin', 'C:\\Program Files (x86)\\WinMerge', 'C:\\Python27', '%JAVA_HOME%', 'C:\\Program Files (x86)\\Common Files\\Oracle\\Java\\javapath', 'C:\\Program Files\\Git\\cmd', 'C:\\Program Files\\TortoiseGit\\bin', 'G:\\CoIDE\\gcc\\bin', 'C:\\Program Files\\doxygen\\bin', 'C:\\BuildTools\\mingw\\4.9.3\\bin', 'C:\\OpenSSL-Win64\\bin', 'C:\\Program Files\\PuTTY\\', 'C:\\Users\\MBaev\\AppData\\Local\\Programs\\Python\\Launcher\\', 'C:\\Users\\MBaev\\AppData\\Local\\Microsoft\\WindowsApps', '', 'D:\\Eclipse\\IDEs\\Neon', ''] var='PATCH' -> None
from C:\Users\MBaev\git\Examples\77887788\ARM_Application: Could not find the program patch
----------------------------------------
Checking for program svn
C:\Program Files\TortoiseSVN\bin\svn.exe
find program=['svn'] paths=['C:\\BuildTools\\python\\2.7.11\\', 'C:\\BuildTools\\mingw\\4.9.3\\bin', 'C:/Program Files/Java/jre1.8.0_181/bin/server', 'C:/Program Files/Java/jre1.8.0_181/bin', 'C:/Program Files/Java/jre1.8.0_181/lib/amd64', 'C:\\WINDOWS\\system32', 'C:\\WINDOWS', 'C:\\WINDOWS\\System32\\Wbem', 'C:\\WINDOWS\\System32\\WindowsPowerShell\\v1.0\\', 'C:\\WINDOWS\\System32\\OpenSSH\\', 'C:\\Program Files\\TortoiseSVN\\bin', 'C:\\apache-ant-1.10.3\\bin', 'C:\\apache-maven-3.3.9\\bin', 'C:\\Program Files (x86)\\WinMerge', 'C:\\Python27', '%JAVA_HOME%', 'C:\\Program Files (x86)\\Common Files\\Oracle\\Java\\javapath', 'C:\\Program Files\\Git\\cmd', 'C:\\Program Files\\TortoiseGit\\bin', 'G:\\CoIDE\\gcc\\bin', 'C:\\Program Files\\doxygen\\bin', 'C:\\BuildTools\\mingw\\4.9.3\\bin', 'C:\\OpenSSL-Win64\\bin', 'C:\\Program Files\\PuTTY\\', 'C:\\Users\\MBaev\\AppData\\Local\\Programs\\Python\\Launcher\\', 'C:\\Users\\MBaev\\AppData\\Local\\Microsoft\\WindowsApps', '', 'D:\\Eclipse\\IDEs\\Neon', ''] var='SVN' -> 'C:\\Program Files\\TortoiseSVN\\bin\\svn.exe'
----------------------------------------
Checking for program python
C:\BuildTools\python\2.7.11\python.exe
find program=['python'] paths=['C:\\BuildTools\\python\\2.7.11\\', 'C:\\BuildTools\\mingw\\4.9.3\\bin', 'C:/Program Files/Java/jre1.8.0_181/bin/server', 'C:/Program Files/Java/jre1.8.0_181/bin', 'C:/Program Files/Java/jre1.8.0_181/lib/amd64', 'C:\\WINDOWS\\system32', 'C:\\WINDOWS', 'C:\\WINDOWS\\System32\\Wbem', 'C:\\WINDOWS\\System32\\WindowsPowerShell\\v1.0\\', 'C:\\WINDOWS\\System32\\OpenSSH\\', 'C:\\Program Files\\TortoiseSVN\\bin', 'C:\\apache-ant-1.10.3\\bin', 'C:\\apache-maven-3.3.9\\bin', 'C:\\Program Files (x86)\\WinMerge', 'C:\\Python27', '%JAVA_HOME%', 'C:\\Program Files (x86)\\Common Files\\Oracle\\Java\\javapath', 'C:\\Program Files\\Git\\cmd', 'C:\\Program Files\\TortoiseGit\\bin', 'G:\\CoIDE\\gcc\\bin', 'C:\\Program Files\\doxygen\\bin', 'C:\\BuildTools\\mingw\\4.9.3\\bin', 'C:\\OpenSSL-Win64\\bin', 'C:\\Program Files\\PuTTY\\', 'C:\\Users\\MBaev\\AppData\\Local\\Programs\\Python\\Launcher\\', 'C:\\Users\\MBaev\\AppData\\Local\\Microsoft\\WindowsApps', '', 'D:\\Eclipse\\IDEs\\Neon', ''] var='PYTHON' -> 'C:\\BuildTools\\python\\2.7.11\\python.exe'
----------------------------------------
Checking for hboot image compiler
C:\BuildTools\waf\waflib\extras\hboot_image_compiler
-------------------------------------------
Checking for app intflash image update tool
C:\BuildTools\waf\waflib\extras\hboot_image_compiler\netx90_app_iflash_image.py
-------------------------------------------
Checking for app image update tool
C:\BuildTools\waf\waflib\extras\hboot_image_compiler\netx90_app_image.py
-------------------------------------------
Checking for program arm-hitex-elf-ar
not found
find program=['arm-hitex-elf-ar'] paths=['C:\\BuildTools\\python\\2.7.11\\', 'C:\\BuildTools\\mingw\\4.9.3\\bin', 'C:/Program Files/Java/jre1.8.0_181/bin/server', 'C:/Program Files/Java/jre1.8.0_181/bin', 'C:/Program Files/Java/jre1.8.0_181/lib/amd64', 'C:\\WINDOWS\\system32', 'C:\\WINDOWS', 'C:\\WINDOWS\\System32\\Wbem', 'C:\\WINDOWS\\System32\\WindowsPowerShell\\v1.0\\', 'C:\\WINDOWS\\System32\\OpenSSH\\', 'C:\\Program Files\\TortoiseSVN\\bin', 'C:\\apache-ant-1.10.3\\bin', 'C:\\apache-maven-3.3.9\\bin', 'C:\\Program Files (x86)\\WinMerge', 'C:\\Python27', '%JAVA_HOME%', 'C:\\Program Files (x86)\\Common Files\\Oracle\\Java\\javapath', 'C:\\Program Files\\Git\\cmd', 'C:\\Program Files\\TortoiseGit\\bin', 'G:\\CoIDE\\gcc\\bin', 'C:\\Program Files\\doxygen\\bin', 'C:\\BuildTools\\mingw\\4.9.3\\bin', 'C:\\OpenSSL-Win64\\bin', 'C:\\Program Files\\PuTTY\\', 'C:\\Users\\MBaev\\AppData\\Local\\Programs\\Python\\Launcher\\', 'C:\\Users\\MBaev\\AppData\\Local\\Microsoft\\WindowsApps', '', 'D:\\Eclipse\\IDEs\\Neon', ''] var='AR' -> None
from C:\Users\MBaev\git\Examples\77887788\ARM_Application: Could not find the program arm-hitex-elf-ar
-------------------------------------------
Toolchain 'hitex'
not found (Some projects may not be available for building)
-------------------------------------------
Checking for program arm-none-eabi-ar
C:\BuildTools\arm-none-eabi-gcc\4.5.2\bin\arm-none-eabi-ar.exe
find program=['arm-none-eabi-ar'] paths=['C:\\BuildTools\\arm-none-eabi-gcc\\4.5.2\\bin'] var='AR' -> 'C:\\BuildTools\\arm-none-eabi-gcc\\4.5.2\\bin\\arm-none-eabi-ar.exe'
-------------------------------------------
Checking for program arm-none-eabi-readelf
C:\BuildTools\arm-none-eabi-gcc\4.5.2\bin\arm-none-eabi-readelf.exe
find program=['arm-none-eabi-readelf'] paths=['C:\\BuildTools\\arm-none-eabi-gcc\\4.5.2\\bin'] var='READELF' -> 'C:\\BuildTools\\arm-none-eabi-gcc\\4.5.2\\bin\\arm-none-eabi-readelf.exe'
-------------------------------------------
Checking for program arm-none-eabi-objdump
C:\BuildTools\arm-none-eabi-gcc\4.5.2\bin\arm-none-eabi-objdump.exe
find program=['arm-none-eabi-objdump'] paths=['C:\\BuildTools\\arm-none-eabi-gcc\\4.5.2\\bin'] var='OBJDUMP' -> 'C:\\BuildTools\\arm-none-eabi-gcc\\4.5.2\\bin\\arm-none-eabi-objdump.exe'
-------------------------------------------
Checking for program arm-none-eabi-objcopy
C:\BuildTools\arm-none-eabi-gcc\4.5.2\bin\arm-none-eabi-objcopy.exe
find program=['arm-none-eabi-objcopy'] paths=['C:\\BuildTools\\arm-none-eabi-gcc\\4.5.2\\bin'] var='OBJCOPY' -> 'C:\\BuildTools\\arm-none-eabi-gcc\\4.5.2\\bin\\arm-none-eabi-objcopy.exe'
-------------------------------------------
Checking for program arm-none-eabi-strip
C:\BuildTools\arm-none-eabi-gcc\4.5.2\bin\arm-none-eabi-strip.exe
find program=['arm-none-eabi-strip'] paths=['C:\\BuildTools\\arm-none-eabi-gcc\\4.5.2\\bin'] var='STRIP' -> 'C:\\BuildTools\\arm-none-eabi-gcc\\4.5.2\\bin\\arm-none-eabi-strip.exe'
-------------------------------------------
Checking for program arm-none-eabi-nm
C:\BuildTools\arm-none-eabi-gcc\4.5.2\bin\arm-none-eabi-nm.exe
find program=['arm-none-eabi-nm'] paths=['C:\\BuildTools\\arm-none-eabi-gcc\\4.5.2\\bin'] var='NM' -> 'C:\\BuildTools\\arm-none-eabi-gcc\\4.5.2\\bin\\arm-none-eabi-nm.exe'
-------------------------------------------
Checking for program arm-none-eabi-gcc
C:\BuildTools\arm-none-eabi-gcc\4.5.2\bin\arm-none-eabi-gcc.exe
find program=['arm-none-eabi-gcc'] paths=['C:\\BuildTools\\arm-none-eabi-gcc\\4.5.2\\bin'] var='CC' -> 'C:\\BuildTools\\arm-none-eabi-gcc\\4.5.2\\bin\\arm-none-eabi-gcc.exe'
-------------------------------------------
Checking for program arm-none-eabi-g++
C:\BuildTools\arm-none-eabi-gcc\4.5.2\bin\arm-none-eabi-g++.exe
find program=['arm-none-eabi-g++'] paths=['C:\\BuildTools\\arm-none-eabi-gcc\\4.5.2\\bin'] var='CXX' -> 'C:\\BuildTools\\arm-none-eabi-gcc\\4.5.2\\bin\\arm-none-eabi-g++.exe'
['C:\\BuildTools\\arm-none-eabi-gcc\\4.5.2\\bin\\arm-none-eabi-gcc.exe', '-dumpversion']
out: 4.5.2

['C:\\BuildTools\\arm-none-eabi-gcc\\4.5.2\\bin\\arm-none-eabi-gcc.exe', '-dumpmachine']
out: arm-none-eabi

-------------------------------------------
Toolchain 'codesourcery'
gcc 4.5.2
